<?xml version="1.0" encoding="UTF-8"?>
<testsuite xmlns:xsi="http://www.w3.org/2001/XMLSchema-instance" xsi:noNamespaceSchemaLocation="https://maven.apache.org/surefire/maven-surefire-plugin/xsd/surefire-test-report.xsd" name="com.aline.usermicroservice.UserIntegrationTest" time="6.162" tests="36" errors="0" skipped="0" failures="2">
  <properties>
[...]
</properties>
  <testcase name="test_getUserById_status_isNotFound_when_userDoesNotExist" classname="com.aline.usermicroservice.UserIntegrationTest" time="0.029"/>
  <testcase name="test_getUserById_status_isOk_when_user_exists" classname="com.aline.usermicroservice.UserIntegrationTest" time="0.108"/>
  <testcase name="test_statusIsNotFound_when_userDoesNotExist" classname="com.aline.usermicroservice.UserIntegrationTest$UserProfileTests" time="0.011"/>
  <testcase name="test_statusIsOk_when_userExists_and_memberExists" classname="com.aline.usermicroservice.UserIntegrationTest$UserProfileTests" time="0.081"/>
  <testcase name="test_statusIsNoContent_when_profileExists_and_requestToChangeUsernameIsValid" classname="com.aline.usermicroservice.UserIntegrationTest$UserProfileTests$UpdateUserProfileTests" time="0.105"/>
  <testcase name="test_statusIsNoContent_when_profileExists_and_requestToChangeMailingAddressIsValid" classname="com.aline.usermicroservice.UserIntegrationTest$UserProfileTests$UpdateUserProfileTests" time="0.079"/>
  <testcase name="test_statusIsNoContent_when_profileExists_and_requestToChangeEmailIsValid" classname="com.aline.usermicroservice.UserIntegrationTest$UserProfileTests$UpdateUserProfileTests" time="0.079"/>
  <testcase name="test_statusIsNoContent_when_profileExists_and_requestToChangeLastNameIsValid" classname="com.aline.usermicroservice.UserIntegrationTest$UserProfileTests$UpdateUserProfileTests" time="0.081"/>
  <testcase name="test_statusIsNoContent_when_profileExists_and_requestToChangeAddressIsValid" classname="com.aline.usermicroservice.UserIntegrationTest$UserProfileTests$UpdateUserProfileTests" time="0.081"/>
  <testcase name="status_isNotFound_when_user_does_not_exists" classname="com.aline.usermicroservice.UserIntegrationTest$PasswordResetTest" time="0.098"/>
  <testcase name="status_isOk_when_OTP_is_correct" classname="com.aline.usermicroservice.UserIntegrationTest$PasswordResetTest" time="0.404"/>
  <testcase name="status_isForbidden_when_OTP_is_notCorrect" classname="com.aline.usermicroservice.UserIntegrationTest$PasswordResetTest" time="0.322"/>
  <testcase name="status_isForbidden_when_OTP_is_notCorrect_in_checkPhase" classname="com.aline.usermicroservice.UserIntegrationTest$PasswordResetTest" time="0.198"/>
  <testcase name="test_confirmUserRegistration_enables_user_when_token_is_valid_and_user_exists" classname="com.aline.usermicroservice.UserIntegrationTest$UserRegistrationConfirmation" time="0.084">
    <failure message="expected: not &lt;null&gt;" type="org.opentest4j.AssertionFailedError"><![CDATA[org.opentest4j.AssertionFailedError: expected: not <null>
	at com.aline.usermicroservice.UserIntegrationTest$UserRegistrationConfirmation.test_confirmUserRegistration_enables_user_when_token_is_valid_and_user_exists(UserIntegrationTest.java:346)
]]></failure>
    <system-out><![CDATA[2022-01-03 14:19:03.631  INFO 23268 --- [           main] .b.t.c.SpringBootTestContextBootstrapper : Neither @ContextConfiguration nor @ContextHierarchy found for test class [com.aline.usermicroservice.UserIntegrationTest$UserRegistrationConfirmation], using SpringBootContextLoader
2022-01-03 14:19:03.632  INFO 23268 --- [           main] o.s.t.c.support.AbstractContextLoader    : Could not detect default resource locations for test class [com.aline.usermicroservice.UserIntegrationTest$UserRegistrationConfirmation]: no resource found for suffixes {-context.xml, Context.groovy}.
2022-01-03 14:19:03.632  INFO 23268 --- [           main] t.c.s.AnnotationConfigContextLoaderUtils : Could not detect default configuration classes for test class [com.aline.usermicroservice.UserIntegrationTest$UserRegistrationConfirmation]: UserRegistrationConfirmation does not declare any static, non-private, non-final, nested classes annotated with @Configuration.
2022-01-03 14:19:03.633  INFO 23268 --- [           main] .b.t.c.SpringBootTestContextBootstrapper : Found @SpringBootConfiguration com.aline.usermicroservice.UserMicroserviceApplication for test class com.aline.usermicroservice.UserIntegrationTest$UserRegistrationConfirmation
2022-01-03 14:19:03.634  INFO 23268 --- [           main] .b.t.c.SpringBootTestContextBootstrapper : Loaded default TestExecutionListener class names from location [META-INF/spring.factories]: [org.springframework.boot.test.mock.mockito.MockitoTestExecutionListener, org.springframework.boot.test.mock.mockito.ResetMocksTestExecutionListener, org.springframework.boot.test.autoconfigure.restdocs.RestDocsTestExecutionListener, org.springframework.boot.test.autoconfigure.web.client.MockRestServiceServerResetTestExecutionListener, org.springframework.boot.test.autoconfigure.web.servlet.MockMvcPrintOnlyOnFailureTestExecutionListener, org.springframework.boot.test.autoconfigure.web.servlet.WebDriverTestExecutionListener, org.springframework.boot.test.autoconfigure.webservices.client.MockWebServiceServerTestExecutionListener, org.springframework.test.context.web.ServletTestExecutionListener, org.springframework.test.context.support.DirtiesContextBeforeModesTestExecutionListener, org.springframework.test.context.event.ApplicationEventsTestExecutionListener, org.springframework.test.context.support.DependencyInjectionTestExecutionListener, org.springframework.test.context.support.DirtiesContextTestExecutionListener, org.springframework.test.context.transaction.TransactionalTestExecutionListener, org.springframework.test.context.jdbc.SqlScriptsTestExecutionListener, org.springframework.test.context.event.EventPublishingTestExecutionListener, org.springframework.security.test.context.support.WithSecurityContextTestExecutionListener, org.springframework.security.test.context.support.ReactorContextTestExecutionListener]
2022-01-03 14:19:03.634  INFO 23268 --- [           main] .b.t.c.SpringBootTestContextBootstrapper : Using TestExecutionListeners: [org.springframework.test.context.web.ServletTestExecutionListener@4cca13b8, org.springframework.test.context.support.DirtiesContextBeforeModesTestExecutionListener@679f3c39, org.springframework.test.context.event.ApplicationEventsTestExecutionListener@2e6a3387, org.springframework.boot.test.mock.mockito.MockitoTestExecutionListener@18724a5a, org.springframework.boot.test.autoconfigure.SpringBootDependencyInjectionTestExecutionListener@4b9cd3f, org.springframework.test.context.support.DirtiesContextTestExecutionListener@1a595765, org.springframework.test.context.transaction.TransactionalTestExecutionListener@6550a9a2, org.springframework.test.context.jdbc.SqlScriptsTestExecutionListener@6ffa0fc8, org.springframework.test.context.event.EventPublishingTestExecutionListener@2560e73d, org.springframework.security.test.context.support.WithSecurityContextTestExecutionListener@75527e8b, org.springframework.security.test.context.support.ReactorContextTestExecutionListener@152fc43a, org.springframework.boot.test.mock.mockito.ResetMocksTestExecutionListener@2a141d18, org.springframework.boot.test.autoconfigure.restdocs.RestDocsTestExecutionListener@86f4e68, org.springframework.boot.test.autoconfigure.web.client.MockRestServiceServerResetTestExecutionListener@6eafcfc8, org.springframework.boot.test.autoconfigure.web.servlet.MockMvcPrintOnlyOnFailureTestExecutionListener@54ad833, org.springframework.boot.test.autoconfigure.web.servlet.WebDriverTestExecutionListener@f3ce95f, org.springframework.boot.test.autoconfigure.webservices.client.MockWebServiceServerTestExecutionListener@7d52fade]
2022-01-03 14:19:03.637  INFO 23268 --- [           main] o.s.t.c.transaction.TransactionContext   : Began transaction (1) for test context [DefaultTestContext@6d93ab33 testClass = UserIntegrationTest.UserRegistrationConfirmation, testInstance = com.aline.usermicroservice.UserIntegrationTest$UserRegistrationConfirmation@3ecb6df2, testMethod = test_confirmUserRegistration_enables_user_when_token_is_valid_and_user_exists@UserIntegrationTest.UserRegistrationConfirmation, testException = [null], mergedContextConfiguration = [WebMergedContextConfiguration@56551d65 testClass = UserIntegrationTest.UserRegistrationConfirmation, locations = '{}', classes = '{class com.aline.usermicroservice.UserMicroserviceApplication}', contextInitializerClasses = '[]', activeProfiles = '{test}', propertySourceLocations = '{}', propertySourceProperties = '{app.security.disable-web-security=true, org.springframework.boot.test.context.SpringBootTestContextBootstrapper=true}', contextCustomizers = set[[ImportsContextCustomizer@3c3b997b key = [org.springframework.boot.test.autoconfigure.web.servlet.MockMvcAutoConfiguration, org.springframework.boot.test.autoconfigure.web.servlet.MockMvcWebClientAutoConfiguration, org.springframework.boot.test.autoconfigure.web.servlet.MockMvcWebDriverAutoConfiguration, org.springframework.boot.autoconfigure.security.oauth2.client.servlet.OAuth2ClientAutoConfiguration, org.springframework.boot.autoconfigure.security.oauth2.resource.servlet.OAuth2ResourceServerAutoConfiguration, org.springframework.boot.autoconfigure.security.servlet.SecurityAutoConfiguration, org.springframework.boot.autoconfigure.security.servlet.SecurityFilterAutoConfiguration, org.springframework.boot.autoconfigure.security.servlet.UserDetailsServiceAutoConfiguration, org.springframework.boot.test.autoconfigure.web.servlet.MockMvcSecurityConfiguration]], org.springframework.boot.test.context.filter.ExcludeFilterContextCustomizer@6f6a7463, org.springframework.boot.test.json.DuplicateJsonObjectContextCustomizerFactory$DuplicateJsonObjectContextCustomizer@50d68830, org.springframework.boot.test.mock.mockito.MockitoContextCustomizer@657f373d, org.springframework.boot.test.web.client.TestRestTemplateContextCustomizer@c20be82, org.springframework.boot.test.autoconfigure.actuate.metrics.MetricsExportContextCustomizerFactory$DisableMetricExportContextCustomizer@11963225, org.springframework.boot.test.autoconfigure.properties.PropertyMappingContextCustomizer@4b3fa0b3, org.springframework.boot.test.autoconfigure.web.servlet.WebDriverContextCustomizerFactory$Customizer@6548bb7d, org.springframework.boot.test.context.SpringBootTestArgs@1, org.springframework.boot.test.context.SpringBootTestWebEnvironment@68c72235], resourceBasePath = 'src/main/webapp', contextLoader = 'org.springframework.boot.test.context.SpringBootContextLoader', parent = [null]], attributes = map['org.springframework.test.context.web.ServletTestExecutionListener.activateListener' -> true, 'org.springframework.test.context.web.ServletTestExecutionListener.populatedRequestContextHolder' -> true, 'org.springframework.test.context.web.ServletTestExecutionListener.resetRequestContextHolder' -> true, 'org.springframework.test.context.event.ApplicationEventsTestExecutionListener.recordApplicationEvents' -> false]]; transaction manager [org.springframework.orm.jpa.JpaTransactionManager@7e23a66b]; rollback [true]
Hibernate: select memberuser0_.id as col_0_0_ from user memberuser0_ where memberuser0_.role='member' and memberuser0_.username=? limit ?
Hibernate: select member0_.id as id1_7_, member0_.applicant_id as applican3_7_, member0_.branch_id as branch_i4_7_, member0_.membership_id as membersh2_7_ from member member0_ where member0_.membership_id=?
Hibernate: select applicant0_.id as id1_2_0_, applicant0_.address as address2_2_0_, applicant0_.city as city3_2_0_, applicant0_.created_at as created_4_2_0_, applicant0_.date_of_birth as date_of_5_2_0_, applicant0_.drivers_license as drivers_6_2_0_, applicant0_.email as email7_2_0_, applicant0_.first_name as first_na8_2_0_, applicant0_.gender as gender9_2_0_, applicant0_.income as income10_2_0_, applicant0_.last_modified_at as last_mo11_2_0_, applicant0_.last_name as last_na12_2_0_, applicant0_.mailing_address as mailing13_2_0_, applicant0_.mailing_city as mailing14_2_0_, applicant0_.mailing_state as mailing15_2_0_, applicant0_.mailing_zipcode as mailing16_2_0_, applicant0_.middle_name as middle_17_2_0_, applicant0_.phone as phone18_2_0_, applicant0_.social_security as social_19_2_0_, applicant0_.state as state20_2_0_, applicant0_.zipcode as zipcode21_2_0_ from applicant applicant0_ where applicant0_.id=?
Hibernate: select branch0_.id as id1_6_0_, branch0_.address as address2_6_0_, branch0_.bank_id as bank_id8_6_0_, branch0_.city as city3_6_0_, branch0_.name as name4_6_0_, branch0_.phone as phone5_6_0_, branch0_.state as state6_6_0_, branch0_.zipcode as zipcode7_6_0_, bank1_.id as id1_5_1_, bank1_.address as address2_5_1_, bank1_.city as city3_5_1_, bank1_.routing_number as routing_4_5_1_, bank1_.state as state5_5_1_, bank1_.zipcode as zipcode6_5_1_ from branch branch0_ left outer join bank bank1_ on branch0_.bank_id=bank1_.id where branch0_.id=?
Hibernate: select case when count(memberuser0_.id)>0 then 1 else 0 end as col_0_0_ from user memberuser0_ inner join member member1_ on (memberuser0_.member_id=member1_.id) where memberuser0_.role='member' and member1_.membership_id=?
Hibernate: insert into user (id, enabled, password, username, member_id, role) values (null, ?, ?, ?, ?, 'member')
2022-01-03 14:19:03.706  INFO 23268 --- [           main] Users Integration Test                   : User ID: 12
Hibernate: select userregist0_.token as token1_11_, userregist0_.created as created2_11_, userregist0_.expiration_delay as expirati3_11_, userregist0_.user_id as user_id4_11_ from user_registration_token userregist0_ inner join user user1_ on userregist0_.user_id=user1_.id where user1_.id=?

MockHttpServletRequest:
      HTTP Method = POST
      Request URI = /users/registration
       Parameters = {}
          Headers = [Content-Type:"application/json;charset=UTF-8", Content-Length:"144"]
             Body = {
  "role" : "member",
  "username" : "testboy",
  "password" : "P@ssword123",
  "membershipId" : "12345678",
  "lastFourOfSSN" : "2222"
}
    Session Attrs = {}

Handler:
             Type = com.aline.usermicroservice.controller.UserController
           Method = com.aline.usermicroservice.controller.UserController#registerUser(UserRegistration)

Async:
    Async started = false
     Async result = null

Resolved Exception:
             Type = null

ModelAndView:
        View name = null
             View = null
            Model = null

FlashMap:
       Attributes = null

MockHttpServletResponse:
           Status = 201
    Error message = null
          Headers = [Location:"http://localhost:8170/users/12", Content-Type:"application/json"]
     Content type = application/json
             Body = {
  "id" : 12,
  "firstName" : "John",
  "lastName" : "Smith",
  "username" : "testboy",
  "email" : "johnsmith@email.com",
  "role" : "MEMBER",
  "enabled" : false
}
    Forwarded URL = null
   Redirected URL = http://localhost:8170/users/12
          Cookies = []
2022-01-03 14:19:03.714  INFO 23268 --- [           main] o.s.t.c.transaction.TransactionContext   : Rolled back transaction for test: [DefaultTestContext@6d93ab33 testClass = UserIntegrationTest.UserRegistrationConfirmation, testInstance = com.aline.usermicroservice.UserIntegrationTest$UserRegistrationConfirmation@3ecb6df2, testMethod = test_confirmUserRegistration_enables_user_when_token_is_valid_and_user_exists@UserIntegrationTest.UserRegistrationConfirmation, testException = org.opentest4j.AssertionFailedError: expected: not <null>, mergedContextConfiguration = [WebMergedContextConfiguration@56551d65 testClass = UserIntegrationTest.UserRegistrationConfirmation, locations = '{}', classes = '{class com.aline.usermicroservice.UserMicroserviceApplication}', contextInitializerClasses = '[]', activeProfiles = '{test}', propertySourceLocations = '{}', propertySourceProperties = '{app.security.disable-web-security=true, org.springframework.boot.test.context.SpringBootTestContextBootstrapper=true}', contextCustomizers = set[[ImportsContextCustomizer@3c3b997b key = [org.springframework.boot.test.autoconfigure.web.servlet.MockMvcAutoConfiguration, org.springframework.boot.test.autoconfigure.web.servlet.MockMvcWebClientAutoConfiguration, org.springframework.boot.test.autoconfigure.web.servlet.MockMvcWebDriverAutoConfiguration, org.springframework.boot.autoconfigure.security.oauth2.client.servlet.OAuth2ClientAutoConfiguration, org.springframework.boot.autoconfigure.security.oauth2.resource.servlet.OAuth2ResourceServerAutoConfiguration, org.springframework.boot.autoconfigure.security.servlet.SecurityAutoConfiguration, org.springframework.boot.autoconfigure.security.servlet.SecurityFilterAutoConfiguration, org.springframework.boot.autoconfigure.security.servlet.UserDetailsServiceAutoConfiguration, org.springframework.boot.test.autoconfigure.web.servlet.MockMvcSecurityConfiguration]], org.springframework.boot.test.context.filter.ExcludeFilterContextCustomizer@6f6a7463, org.springframework.boot.test.json.DuplicateJsonObjectContextCustomizerFactory$DuplicateJsonObjectContextCustomizer@50d68830, org.springframework.boot.test.mock.mockito.MockitoContextCustomizer@657f373d, org.springframework.boot.test.web.client.TestRestTemplateContextCustomizer@c20be82, org.springframework.boot.test.autoconfigure.actuate.metrics.MetricsExportContextCustomizerFactory$DisableMetricExportContextCustomizer@11963225, org.springframework.boot.test.autoconfigure.properties.PropertyMappingContextCustomizer@4b3fa0b3, org.springframework.boot.test.autoconfigure.web.servlet.WebDriverContextCustomizerFactory$Customizer@6548bb7d, org.springframework.boot.test.context.SpringBootTestArgs@1, org.springframework.boot.test.context.SpringBootTestWebEnvironment@68c72235], resourceBasePath = 'src/main/webapp', contextLoader = 'org.springframework.boot.test.context.SpringBootContextLoader', parent = [null]], attributes = map['org.springframework.test.context.web.ServletTestExecutionListener.activateListener' -> true, 'org.springframework.test.context.web.ServletTestExecutionListener.populatedRequestContextHolder' -> true, 'org.springframework.test.context.web.ServletTestExecutionListener.resetRequestContextHolder' -> true, 'org.springframework.test.context.event.ApplicationEventsTestExecutionListener.recordApplicationEvents' -> false]]
]]></system-out>
  </testcase>
  <testcase name="test_registerUser_creates_a_userRegistrationToken" classname="com.aline.usermicroservice.UserIntegrationTest$UserRegistrationConfirmation" time="0.073">
    <failure message="expected: not &lt;null&gt;" type="org.opentest4j.AssertionFailedError"><![CDATA[org.opentest4j.AssertionFailedError: expected: not <null>
	at com.aline.usermicroservice.UserIntegrationTest$UserRegistrationConfirmation.test_registerUser_creates_a_userRegistrationToken(UserIntegrationTest.java:334)
]]></failure>
    <system-out><![CDATA[2022-01-03 14:19:03.721  INFO 23268 --- [           main] o.s.t.c.transaction.TransactionContext   : Began transaction (1) for test context [DefaultTestContext@6d93ab33 testClass = UserIntegrationTest.UserRegistrationConfirmation, testInstance = com.aline.usermicroservice.UserIntegrationTest$UserRegistrationConfirmation@6a3dcb15, testMethod = test_registerUser_creates_a_userRegistrationToken@UserIntegrationTest.UserRegistrationConfirmation, testException = [null], mergedContextConfiguration = [WebMergedContextConfiguration@56551d65 testClass = UserIntegrationTest.UserRegistrationConfirmation, locations = '{}', classes = '{class com.aline.usermicroservice.UserMicroserviceApplication}', contextInitializerClasses = '[]', activeProfiles = '{test}', propertySourceLocations = '{}', propertySourceProperties = '{app.security.disable-web-security=true, org.springframework.boot.test.context.SpringBootTestContextBootstrapper=true}', contextCustomizers = set[[ImportsContextCustomizer@3c3b997b key = [org.springframework.boot.test.autoconfigure.web.servlet.MockMvcAutoConfiguration, org.springframework.boot.test.autoconfigure.web.servlet.MockMvcWebClientAutoConfiguration, org.springframework.boot.test.autoconfigure.web.servlet.MockMvcWebDriverAutoConfiguration, org.springframework.boot.autoconfigure.security.oauth2.client.servlet.OAuth2ClientAutoConfiguration, org.springframework.boot.autoconfigure.security.oauth2.resource.servlet.OAuth2ResourceServerAutoConfiguration, org.springframework.boot.autoconfigure.security.servlet.SecurityAutoConfiguration, org.springframework.boot.autoconfigure.security.servlet.SecurityFilterAutoConfiguration, org.springframework.boot.autoconfigure.security.servlet.UserDetailsServiceAutoConfiguration, org.springframework.boot.test.autoconfigure.web.servlet.MockMvcSecurityConfiguration]], org.springframework.boot.test.context.filter.ExcludeFilterContextCustomizer@6f6a7463, org.springframework.boot.test.json.DuplicateJsonObjectContextCustomizerFactory$DuplicateJsonObjectContextCustomizer@50d68830, org.springframework.boot.test.mock.mockito.MockitoContextCustomizer@657f373d, org.springframework.boot.test.web.client.TestRestTemplateContextCustomizer@c20be82, org.springframework.boot.test.autoconfigure.actuate.metrics.MetricsExportContextCustomizerFactory$DisableMetricExportContextCustomizer@11963225, org.springframework.boot.test.autoconfigure.properties.PropertyMappingContextCustomizer@4b3fa0b3, org.springframework.boot.test.autoconfigure.web.servlet.WebDriverContextCustomizerFactory$Customizer@6548bb7d, org.springframework.boot.test.context.SpringBootTestArgs@1, org.springframework.boot.test.context.SpringBootTestWebEnvironment@68c72235], resourceBasePath = 'src/main/webapp', contextLoader = 'org.springframework.boot.test.context.SpringBootContextLoader', parent = [null]], attributes = map['org.springframework.test.context.web.ServletTestExecutionListener.activateListener' -> true, 'org.springframework.test.context.web.ServletTestExecutionListener.populatedRequestContextHolder' -> true, 'org.springframework.test.context.web.ServletTestExecutionListener.resetRequestContextHolder' -> true, 'org.springframework.test.context.event.ApplicationEventsTestExecutionListener.recordApplicationEvents' -> false]]; transaction manager [org.springframework.orm.jpa.JpaTransactionManager@7e23a66b]; rollback [true]
Hibernate: select memberuser0_.id as col_0_0_ from user memberuser0_ where memberuser0_.role='member' and memberuser0_.username=? limit ?
Hibernate: select member0_.id as id1_7_, member0_.applicant_id as applican3_7_, member0_.branch_id as branch_i4_7_, member0_.membership_id as membersh2_7_ from member member0_ where member0_.membership_id=?
Hibernate: select applicant0_.id as id1_2_0_, applicant0_.address as address2_2_0_, applicant0_.city as city3_2_0_, applicant0_.created_at as created_4_2_0_, applicant0_.date_of_birth as date_of_5_2_0_, applicant0_.drivers_license as drivers_6_2_0_, applicant0_.email as email7_2_0_, applicant0_.first_name as first_na8_2_0_, applicant0_.gender as gender9_2_0_, applicant0_.income as income10_2_0_, applicant0_.last_modified_at as last_mo11_2_0_, applicant0_.last_name as last_na12_2_0_, applicant0_.mailing_address as mailing13_2_0_, applicant0_.mailing_city as mailing14_2_0_, applicant0_.mailing_state as mailing15_2_0_, applicant0_.mailing_zipcode as mailing16_2_0_, applicant0_.middle_name as middle_17_2_0_, applicant0_.phone as phone18_2_0_, applicant0_.social_security as social_19_2_0_, applicant0_.state as state20_2_0_, applicant0_.zipcode as zipcode21_2_0_ from applicant applicant0_ where applicant0_.id=?
Hibernate: select branch0_.id as id1_6_0_, branch0_.address as address2_6_0_, branch0_.bank_id as bank_id8_6_0_, branch0_.city as city3_6_0_, branch0_.name as name4_6_0_, branch0_.phone as phone5_6_0_, branch0_.state as state6_6_0_, branch0_.zipcode as zipcode7_6_0_, bank1_.id as id1_5_1_, bank1_.address as address2_5_1_, bank1_.city as city3_5_1_, bank1_.routing_number as routing_4_5_1_, bank1_.state as state5_5_1_, bank1_.zipcode as zipcode6_5_1_ from branch branch0_ left outer join bank bank1_ on branch0_.bank_id=bank1_.id where branch0_.id=?
Hibernate: select case when count(memberuser0_.id)>0 then 1 else 0 end as col_0_0_ from user memberuser0_ inner join member member1_ on (memberuser0_.member_id=member1_.id) where memberuser0_.role='member' and member1_.membership_id=?
Hibernate: insert into user (id, enabled, password, username, member_id, role) values (null, ?, ?, ?, ?, 'member')
2022-01-03 14:19:03.789  INFO 23268 --- [           main] Users Integration Test                   : User ID: 13
Hibernate: select userregist0_.token as token1_11_, userregist0_.created as created2_11_, userregist0_.expiration_delay as expirati3_11_, userregist0_.user_id as user_id4_11_ from user_registration_token userregist0_ inner join user user1_ on userregist0_.user_id=user1_.id where user1_.id=?

MockHttpServletRequest:
      HTTP Method = POST
      Request URI = /users/registration
       Parameters = {}
          Headers = [Content-Type:"application/json;charset=UTF-8", Content-Length:"144"]
             Body = {
  "role" : "member",
  "username" : "testboy",
  "password" : "P@ssword123",
  "membershipId" : "12345678",
  "lastFourOfSSN" : "2222"
}
    Session Attrs = {}

Handler:
             Type = com.aline.usermicroservice.controller.UserController
           Method = com.aline.usermicroservice.controller.UserController#registerUser(UserRegistration)

Async:
    Async started = false
     Async result = null

Resolved Exception:
             Type = null

ModelAndView:
        View name = null
             View = null
            Model = null

FlashMap:
       Attributes = null

MockHttpServletResponse:
           Status = 201
    Error message = null
          Headers = [Location:"http://localhost:8170/users/13", Content-Type:"application/json"]
     Content type = application/json
             Body = {
  "id" : 13,
  "firstName" : "John",
  "lastName" : "Smith",
  "username" : "testboy",
  "email" : "johnsmith@email.com",
  "role" : "MEMBER",
  "enabled" : false
}
    Forwarded URL = null
   Redirected URL = http://localhost:8170/users/13
          Cookies = []
2022-01-03 14:19:03.793  INFO 23268 --- [           main] o.s.t.c.transaction.TransactionContext   : Rolled back transaction for test: [DefaultTestContext@6d93ab33 testClass = UserIntegrationTest.UserRegistrationConfirmation, testInstance = com.aline.usermicroservice.UserIntegrationTest$UserRegistrationConfirmation@6a3dcb15, testMethod = test_registerUser_creates_a_userRegistrationToken@UserIntegrationTest.UserRegistrationConfirmation, testException = org.opentest4j.AssertionFailedError: expected: not <null>, mergedContextConfiguration = [WebMergedContextConfiguration@56551d65 testClass = UserIntegrationTest.UserRegistrationConfirmation, locations = '{}', classes = '{class com.aline.usermicroservice.UserMicroserviceApplication}', contextInitializerClasses = '[]', activeProfiles = '{test}', propertySourceLocations = '{}', propertySourceProperties = '{app.security.disable-web-security=true, org.springframework.boot.test.context.SpringBootTestContextBootstrapper=true}', contextCustomizers = set[[ImportsContextCustomizer@3c3b997b key = [org.springframework.boot.test.autoconfigure.web.servlet.MockMvcAutoConfiguration, org.springframework.boot.test.autoconfigure.web.servlet.MockMvcWebClientAutoConfiguration, org.springframework.boot.test.autoconfigure.web.servlet.MockMvcWebDriverAutoConfiguration, org.springframework.boot.autoconfigure.security.oauth2.client.servlet.OAuth2ClientAutoConfiguration, org.springframework.boot.autoconfigure.security.oauth2.resource.servlet.OAuth2ResourceServerAutoConfiguration, org.springframework.boot.autoconfigure.security.servlet.SecurityAutoConfiguration, org.springframework.boot.autoconfigure.security.servlet.SecurityFilterAutoConfiguration, org.springframework.boot.autoconfigure.security.servlet.UserDetailsServiceAutoConfiguration, org.springframework.boot.test.autoconfigure.web.servlet.MockMvcSecurityConfiguration]], org.springframework.boot.test.context.filter.ExcludeFilterContextCustomizer@6f6a7463, org.springframework.boot.test.json.DuplicateJsonObjectContextCustomizerFactory$DuplicateJsonObjectContextCustomizer@50d68830, org.springframework.boot.test.mock.mockito.MockitoContextCustomizer@657f373d, org.springframework.boot.test.web.client.TestRestTemplateContextCustomizer@c20be82, org.springframework.boot.test.autoconfigure.actuate.metrics.MetricsExportContextCustomizerFactory$DisableMetricExportContextCustomizer@11963225, org.springframework.boot.test.autoconfigure.properties.PropertyMappingContextCustomizer@4b3fa0b3, org.springframework.boot.test.autoconfigure.web.servlet.WebDriverContextCustomizerFactory$Customizer@6548bb7d, org.springframework.boot.test.context.SpringBootTestArgs@1, org.springframework.boot.test.context.SpringBootTestWebEnvironment@68c72235], resourceBasePath = 'src/main/webapp', contextLoader = 'org.springframework.boot.test.context.SpringBootContextLoader', parent = [null]], attributes = map['org.springframework.test.context.web.ServletTestExecutionListener.activateListener' -> true, 'org.springframework.test.context.web.ServletTestExecutionListener.populatedRequestContextHolder' -> true, 'org.springframework.test.context.web.ServletTestExecutionListener.resetRequestContextHolder' -> true, 'org.springframework.test.context.event.ApplicationEventsTestExecutionListener.recordApplicationEvents' -> false]]
]]></system-out>
  </testcase>
  <testcase name="test_registerUser_status_isCreated_and_location_is_in_header_when_register_adminUser" classname="com.aline.usermicroservice.UserIntegrationTest$UserRegistrationTest" time="0.083"/>
  <testcase name="test_registerUser_status_is_conflict_when_memberUserAlreadyExists_for_membershipId" classname="com.aline.usermicroservice.UserIntegrationTest$UserRegistrationTest" time="0.078"/>
  <testcase name="test_registerUser_status_is_notFound_when_membershipId_doesNotExist" classname="com.aline.usermicroservice.UserIntegrationTest$UserRegistrationTest" time="0.009"/>
  <testcase name="test_registrationIsValid" classname="com.aline.usermicroservice.UserIntegrationTest$UserRegistrationTest" time="0.071"/>
  <testcase name="test_registerUser_status_is_notFound_when_ssn_doesNotMatch" classname="com.aline.usermicroservice.UserIntegrationTest$UserRegistrationTest" time="0.012"/>
  <testcase name="test_registerUser_status_isCreated_and_location_is_in_header_when_register_memberUser" classname="com.aline.usermicroservice.UserIntegrationTest$UserRegistrationTest" time="0.07"/>
  <testcase name="usernameIsBlank" classname="com.aline.usermicroservice.UserIntegrationTest$UserRegistrationTest$RegistrationIsInvalid" time="0.014"/>
  <testcase name="passwordContainsNoSpecialCharacters" classname="com.aline.usermicroservice.UserIntegrationTest$UserRegistrationTest$RegistrationIsInvalid" time="0.012"/>
  <testcase name="passwordContainsNoCapitalLetters" classname="com.aline.usermicroservice.UserIntegrationTest$UserRegistrationTest$RegistrationIsInvalid" time="0.007"/>
  <testcase name="usernameTooShort" classname="com.aline.usermicroservice.UserIntegrationTest$UserRegistrationTest$RegistrationIsInvalid" time="0.008"/>
  <testcase name="passwordIsNull" classname="com.aline.usermicroservice.UserIntegrationTest$UserRegistrationTest$RegistrationIsInvalid" time="0.009"/>
  <testcase name="usernameTooLong" classname="com.aline.usermicroservice.UserIntegrationTest$UserRegistrationTest$RegistrationIsInvalid" time="0.01"/>
  <testcase name="passwordContainsNoNumbers" classname="com.aline.usermicroservice.UserIntegrationTest$UserRegistrationTest$RegistrationIsInvalid" time="0.01"/>
  <testcase name="passwordContainsNoLowercaseLetters" classname="com.aline.usermicroservice.UserIntegrationTest$UserRegistrationTest$RegistrationIsInvalid" time="0.007"/>
  <testcase name="passwordIsBlank" classname="com.aline.usermicroservice.UserIntegrationTest$UserRegistrationTest$RegistrationIsInvalid" time="0.009"/>
  <testcase name="usernameIncludesInvalidCharacters" classname="com.aline.usermicroservice.UserIntegrationTest$UserRegistrationTest$RegistrationIsInvalid" time="0.008"/>
  <testcase name="usernameStartsWithNumber" classname="com.aline.usermicroservice.UserIntegrationTest$UserRegistrationTest$RegistrationIsInvalid" time="0.009"/>
  <testcase name="passwordIsTooShort" classname="com.aline.usermicroservice.UserIntegrationTest$UserRegistrationTest$RegistrationIsInvalid" time="0.01"/>
  <testcase name="passwordContainsOnlyNumbers" classname="com.aline.usermicroservice.UserIntegrationTest$UserRegistrationTest$RegistrationIsInvalid" time="0.008"/>
  <testcase name="usernameStartsWithSpecialCharacter" classname="com.aline.usermicroservice.UserIntegrationTest$UserRegistrationTest$RegistrationIsInvalid" time="0.009"/>
  <testcase name="usernameIsNull" classname="com.aline.usermicroservice.UserIntegrationTest$UserRegistrationTest$RegistrationIsInvalid" time="0.011"/>
</testsuite>